2025-11-05 09:15:52,928 INFO    MainThread:2660961 [wandb_setup.py:_flush():81] Current SDK version is 0.22.3
2025-11-05 09:15:52,928 INFO    MainThread:2660961 [wandb_setup.py:_flush():81] Configure stats pid to 2660961
2025-11-05 09:15:52,928 INFO    MainThread:2660961 [wandb_setup.py:_flush():81] Loading settings from /home/hiroki_kimiwada/.config/wandb/settings
2025-11-05 09:15:52,928 INFO    MainThread:2660961 [wandb_setup.py:_flush():81] Loading settings from /home/hiroki_kimiwada/DreamerV4/wandb/settings
2025-11-05 09:15:52,928 INFO    MainThread:2660961 [wandb_setup.py:_flush():81] Loading settings from environment variables
2025-11-05 09:15:52,928 INFO    MainThread:2660961 [wandb_init.py:setup_run_log_directory():706] Logging user logs to /home/hiroki_kimiwada/DreamerV4/wandb/run-20251105_091552-hcwbges8/logs/debug.log
2025-11-05 09:15:52,929 INFO    MainThread:2660961 [wandb_init.py:setup_run_log_directory():707] Logging internal logs to /home/hiroki_kimiwada/DreamerV4/wandb/run-20251105_091552-hcwbges8/logs/debug-internal.log
2025-11-05 09:15:52,929 INFO    MainThread:2660961 [wandb_init.py:init():833] calling init triggers
2025-11-05 09:15:52,929 INFO    MainThread:2660961 [wandb_init.py:init():838] wandb.init called with sweep_config: {}
config: {'_wandb': {}}
2025-11-05 09:15:52,929 INFO    MainThread:2660961 [wandb_init.py:init():881] starting backend
2025-11-05 09:15:53,136 INFO    MainThread:2660961 [wandb_init.py:init():884] sending inform_init request
2025-11-05 09:15:53,142 INFO    MainThread:2660961 [wandb_init.py:init():892] backend started and connected
2025-11-05 09:15:53,143 INFO    MainThread:2660961 [wandb_init.py:init():962] updated telemetry
2025-11-05 09:15:53,150 INFO    MainThread:2660961 [wandb_init.py:init():986] communicating run to backend with 90.0 second timeout
2025-11-05 09:15:53,904 INFO    MainThread:2660961 [wandb_init.py:init():1033] starting run threads in backend
2025-11-05 09:15:54,121 INFO    MainThread:2660961 [wandb_run.py:_console_start():2506] atexit reg
2025-11-05 09:15:54,121 INFO    MainThread:2660961 [wandb_run.py:_redirect():2354] redirect: wrap_raw
2025-11-05 09:15:54,121 INFO    MainThread:2660961 [wandb_run.py:_redirect():2423] Wrapping output streams.
2025-11-05 09:15:54,122 INFO    MainThread:2660961 [wandb_run.py:_redirect():2446] Redirects installed.
2025-11-05 09:15:54,125 INFO    MainThread:2660961 [wandb_init.py:init():1073] run started, returning control to user process
2025-11-05 09:15:54,818 INFO    MainThread:2660961 [wandb_watch.py:_watch():68] Watching
2025-11-05 12:16:06,287 INFO    wandb-AsyncioManager-main:2660961 [service_client.py:_forward_responses():80] Reached EOF.
2025-11-05 12:16:06,287 INFO    wandb-AsyncioManager-main:2660961 [mailbox.py:close():137] Closing mailbox, abandoning 2 handles.
